2020-02-27 17:19:52,755 [django.server:124] [basehttp:log_message] [INFO]- "GET /api/login HTTP/1.1" 301 0
2020-02-27 17:19:55,544 [django.server:124] [basehttp:log_message] [INFO]- "GET /api/login/ HTTP/1.1" 200 3880
2020-02-27 17:19:55,647 [django.server:124] [basehttp:log_message] [INFO]- "GET /static/assets/iconfont/style.css HTTP/1.1" 200 1722
2020-02-27 17:19:55,676 [django.server:124] [basehttp:log_message] [INFO]- "GET /static/assets/img/main_bg.png HTTP/1.1" 200 2801
2020-02-27 17:19:55,775 [django.server:124] [basehttp:log_message] [INFO]- "GET /static/assets/img/bg.jpg HTTP/1.1" 200 135990
2020-02-27 17:19:55,816 [django.server:124] [basehttp:log_message] [INFO]- "GET /static/assets/iconfont/fonts/icomoon.ttf?u4m6fy HTTP/1.1" 200 6900
2020-02-27 17:19:55,832 [django.server:124] [basehttp:log_message] [INFO]- "GET /favicon.ico HTTP/1.1" 302 0
2020-02-27 17:19:55,861 [django.server:124] [basehttp:log_message] [INFO]- "GET /static/assets/img/favicon.ico HTTP/1.1" 200 67646
2020-02-27 17:22:40,570 [django.server:124] [basehttp:log_message] [INFO]- "GET /api/login/ HTTP/1.1" 200 3877
2020-02-27 17:22:40,606 [django.server:124] [basehttp:log_message] [INFO]- "GET /favicon.ico HTTP/1.1" 302 0
2020-02-27 17:22:40,621 [django.server:124] [basehttp:log_message] [INFO]- "GET /static/assets/img/favicon.ico HTTP/1.1" 200 67646
2020-02-27 17:22:41,743 [django.server:124] [basehttp:log_message] [INFO]- "GET /api/login/ HTTP/1.1" 200 3877
2020-02-27 17:22:41,777 [django.server:124] [basehttp:log_message] [INFO]- "GET /favicon.ico HTTP/1.1" 302 0
2020-02-27 17:22:41,790 [django.server:124] [basehttp:log_message] [INFO]- "GET /static/assets/img/favicon.ico HTTP/1.1" 200 67646
2020-02-27 17:22:41,967 [django.server:124] [basehttp:log_message] [INFO]- "GET /api/login/ HTTP/1.1" 200 3877
2020-02-27 17:22:41,996 [django.server:124] [basehttp:log_message] [INFO]- "GET /favicon.ico HTTP/1.1" 302 0
2020-02-27 17:22:42,004 [django.server:124] [basehttp:log_message] [INFO]- "GET /static/assets/img/favicon.ico HTTP/1.1" 200 67646
2020-02-27 17:22:42,193 [django.server:124] [basehttp:log_message] [INFO]- "GET /api/login/ HTTP/1.1" 200 3877
2020-02-27 17:22:42,224 [django.server:124] [basehttp:log_message] [INFO]- "GET /favicon.ico HTTP/1.1" 302 0
2020-02-27 17:22:42,242 [django.server:124] [basehttp:log_message] [INFO]- "GET /static/assets/img/favicon.ico HTTP/1.1" 200 67646
2020-02-27 17:22:56,358 [django.server:124] [basehttp:log_message] [INFO]- "POST /api/login/ HTTP/1.1" 302 0
2020-02-27 17:22:56,559 [django.server:124] [basehttp:log_message] [INFO]- "GET /api/index/ HTTP/1.1" 200 18616
2020-02-27 17:23:05,693 [django.server:124] [basehttp:log_message] [INFO]- "GET /api/project_list/1/ HTTP/1.1" 200 78867
2020-02-27 17:23:06,962 [django.server:124] [basehttp:log_message] [INFO]- "GET /api/add_project/ HTTP/1.1" 200 21421
2020-02-27 17:23:07,094 [django.server:124] [basehttp:log_message] [WARNING]- "GET /static/assets/fonts/glyphicons-halflings-regular.woff2 HTTP/1.1" 404 1765
2020-02-27 17:23:07,108 [django.server:124] [basehttp:log_message] [WARNING]- "GET /static/assets/fonts/glyphicons-halflings-regular.woff HTTP/1.1" 404 1762
2020-02-27 17:23:07,122 [django.server:124] [basehttp:log_message] [WARNING]- "GET /static/assets/fonts/glyphicons-halflings-regular.ttf HTTP/1.1" 404 1759
2020-02-27 17:23:08,482 [django.server:124] [basehttp:log_message] [INFO]- "GET /api/project_list/1/ HTTP/1.1" 200 78867
2020-02-27 17:23:13,617 [django.server:124] [basehttp:log_message] [INFO]- "POST /api/project_list/1/ HTTP/1.1" 200 2
2020-02-27 17:23:13,888 [django.server:124] [basehttp:log_message] [INFO]- "GET /api/project_list/1/ HTTP/1.1" 200 77813
2020-02-27 17:23:17,616 [django.server:124] [basehttp:log_message] [INFO]- "GET /api/project_list/2/ HTTP/1.1" 200 54418
2020-02-27 17:23:21,279 [django.server:124] [basehttp:log_message] [INFO]- "POST /api/project_list/1/ HTTP/1.1" 200 2
2020-02-27 17:23:21,414 [django.server:124] [basehttp:log_message] [INFO]- "GET /api/project_list/2/ HTTP/1.1" 200 50640
2020-02-27 17:23:23,683 [django.server:124] [basehttp:log_message] [INFO]- "POST /api/project_list/1/ HTTP/1.1" 200 46
2020-02-27 17:23:26,822 [django.server:124] [basehttp:log_message] [INFO]- "POST /api/project_list/1/ HTTP/1.1" 200 46
2020-02-27 17:23:43,993 [django.server:124] [basehttp:log_message] [INFO]- "GET /api/index/ HTTP/1.1" 200 18616
2020-02-27 17:23:51,082 [django.server:124] [basehttp:log_message] [INFO]- "GET /api/env_list/1/ HTTP/1.1" 200 25642
2020-02-27 17:23:58,039 [django.server:124] [basehttp:log_message] [INFO]- "POST /api/env_set/ HTTP/1.1" 200 2
2020-02-27 17:23:58,083 [django.server:124] [basehttp:log_message] [INFO]- "GET /api/env_list/1/ HTTP/1.1" 200 23815
2020-02-27 17:23:59,746 [django.server:124] [basehttp:log_message] [INFO]- "POST /api/env_set/ HTTP/1.1" 200 2
2020-02-27 17:23:59,792 [django.server:124] [basehttp:log_message] [INFO]- "GET /api/env_list/1/ HTTP/1.1" 200 21949
2020-02-27 17:24:03,608 [django.server:124] [basehttp:log_message] [INFO]- "POST /api/env_set/ HTTP/1.1" 200 2
2020-02-27 17:24:03,647 [django.server:124] [basehttp:log_message] [INFO]- "GET /api/env_list/1/ HTTP/1.1" 200 20229
2020-02-27 17:24:20,692 [django.server:124] [basehttp:log_message] [INFO]- "POST /api/env_set/ HTTP/1.1" 200 2
2020-02-27 17:24:20,731 [django.server:124] [basehttp:log_message] [INFO]- "GET /api/env_list/1/ HTTP/1.1" 200 20148
2020-02-27 17:24:24,356 [django.server:124] [basehttp:log_message] [INFO]- "GET /api/report_list/1/ HTTP/1.1" 200 39185
2020-02-27 17:24:27,827 [django.server:124] [basehttp:log_message] [INFO]- "GET /api/view_report/500 HTTP/1.1" 301 0
2020-02-27 17:24:27,849 [django.server:124] [basehttp:log_message] [INFO]- "GET /api/view_report/500/ HTTP/1.1" 302 0
2020-02-27 17:24:27,860 [django.server:124] [basehttp:log_message] [WARNING]- "GET /static/reports/1568108913.html HTTP/1.1" 404 1693
2020-02-27 17:24:33,808 [django.server:124] [basehttp:log_message] [INFO]- "GET /api/test_list/1/ HTTP/1.1" 200 74495
2020-02-27 17:24:36,581 [django.server:124] [basehttp:log_message] [INFO]- "GET /api/edit_case/331/ HTTP/1.1" 200 60697
2020-02-27 17:24:36,734 [django.server:124] [basehttp:log_message] [WARNING]- "GET /static/assets/js/theme-github.js HTTP/1.1" 404 1699
2020-02-27 17:24:36,739 [django.server:124] [basehttp:log_message] [WARNING]- "GET /static/assets/js/mode-json.js HTTP/1.1" 404 1690
2020-02-27 17:24:36,794 [django.server:124] [basehttp:log_message] [WARNING]- "GET /static/assets/js/snippets/text.js HTTP/1.1" 404 1702
2020-02-27 17:24:40,939 [django.server:124] [basehttp:log_message] [INFO]- "POST /api/debug_case/ HTTP/1.1" 200 349
2020-02-27 17:26:50,938 [django.server:124] [basehttp:log_message] [INFO]- "GET /api/test_list/1/ HTTP/1.1" 200 74495
2020-02-27 17:26:51,171 [django.server:124] [basehttp:log_message] [INFO]- "GET /favicon.ico HTTP/1.1" 302 0
2020-02-27 17:26:51,187 [django.server:124] [basehttp:log_message] [INFO]- "GET /static/assets/img/favicon.ico HTTP/1.1" 200 67646
2020-02-27 17:26:54,372 [django.server:124] [basehttp:log_message] [INFO]- "GET /api/log_out/ HTTP/1.1" 302 0
2020-02-27 17:26:54,379 [django.server:124] [basehttp:log_message] [INFO]- "GET /api/login/ HTTP/1.1" 200 3877
2020-02-27 17:28:01,492 [django.server:124] [basehttp:log_message] [INFO]- "POST /api/login/ HTTP/1.1" 302 0
2020-02-27 17:28:01,626 [django.server:124] [basehttp:log_message] [INFO]- "GET /api/index/ HTTP/1.1" 200 18617
2020-02-27 17:45:50,329 [django.server:124] [basehttp:log_message] [INFO]- "GET /api/index/ HTTP/1.1" 200 18617
2020-02-27 17:45:51,734 [django.server:124] [basehttp:log_message] [INFO]- "GET /favicon.ico HTTP/1.1" 302 0
2020-02-27 17:45:51,742 [django.server:124] [basehttp:log_message] [INFO]- "GET /static/assets/img/favicon.ico HTTP/1.1" 200 67646
2020-02-27 17:46:43,532 [django.server:124] [basehttp:log_message] [WARNING]- "GET /static/assets/js/jquery.min.map HTTP/1.1" 404 1696
2020-02-27 17:46:43,533 [django.server:124] [basehttp:log_message] [WARNING]- "GET /static/assets/js/bootstrap-select.min.js.map HTTP/1.1" 404 1735
2020-02-27 17:46:43,541 [django.server:124] [basehttp:log_message] [WARNING]- "GET /static/assets/css/bootstrap.min.css.map HTTP/1.1" 404 1720
2020-02-27 17:48:26,459 [django.server:124] [basehttp:log_message] [INFO]- "GET /api/index/ HTTP/1.1" 200 18617
2020-02-27 17:48:26,697 [django.server:124] [basehttp:log_message] [WARNING]- "GET /static/assets/js/jquery.min.map HTTP/1.1" 404 1696
2020-02-27 17:48:26,711 [django.server:124] [basehttp:log_message] [WARNING]- "GET /static/assets/js/bootstrap-select.min.js.map HTTP/1.1" 404 1735
2020-02-27 17:48:26,718 [django.server:124] [basehttp:log_message] [WARNING]- "GET /static/assets/css/bootstrap.min.css.map HTTP/1.1" 404 1720
2020-02-27 17:48:27,527 [django.server:124] [basehttp:log_message] [INFO]- "GET /favicon.ico HTTP/1.1" 302 0
2020-02-27 17:48:27,539 [django.server:124] [basehttp:log_message] [INFO]- "GET /static/assets/img/favicon.ico HTTP/1.1" 200 67646
2020-02-27 17:48:49,591 [django.server:124] [basehttp:log_message] [INFO]- "GET /api/index/ HTTP/1.1" 200 18617
2020-02-27 17:48:49,756 [django.server:124] [basehttp:log_message] [INFO]- "GET /static/assets/css/bootstrap.min.css HTTP/1.1" 200 121205
2020-02-27 17:48:49,763 [django.server:124] [basehttp:log_message] [INFO]- "GET /static/assets/css/common.css HTTP/1.1" 200 1077
2020-02-27 17:48:49,972 [django.server:124] [basehttp:log_message] [INFO]- "GET /static/assets/css/fileinput.min.css HTTP/1.1" 200 8560
2020-02-27 17:48:49,972 [django.server:124] [basehttp:log_message] [INFO]- "GET /static/assets/css/fileinput.css HTTP/1.1" 200 11337
2020-02-27 17:48:49,973 [django.server:124] [basehttp:log_message] [INFO]- "GET /static/assets/css/bootstrap-select.min.css HTTP/1.1" 200 10724
2020-02-27 17:48:50,193 [django.server:124] [basehttp:log_message] [INFO]- "GET /static/assets/js/jquery.serializejson.min.js HTTP/1.1" 200 5632
2020-02-27 17:48:50,219 [django.server:124] [basehttp:log_message] [INFO]- "GET /static/assets/css/admin.css HTTP/1.1" 200 20853
2020-02-27 17:48:50,360 [django.server:124] [basehttp:log_message] [INFO]- "GET /static/assets/css/amazeui.min.css HTTP/1.1" 200 255214
2020-02-27 17:48:50,368 [django.server:124] [basehttp:log_message] [INFO]- "GET /static/assets/js/jquery.min.js HTTP/1.1" 200 84284
2020-02-27 17:48:50,396 [django.server:124] [basehttp:log_message] [INFO]- "GET /static/assets/js/amazeui.min.js HTTP/1.1" 200 210974
2020-02-27 17:48:50,483 [django.server:124] [basehttp:log_message] [INFO]- "GET /static/assets/js/app.js HTTP/1.1" 200 21264
2020-02-27 17:48:50,484 [django.server:124] [basehttp:log_message] [INFO]- "GET /static/assets/js/commons.js?v=1 HTTP/1.1" 200 18433
2020-02-27 17:48:50,486 [django.server:124] [basehttp:log_message] [INFO]- "GET /static/assets/js/ext-language_tools.js HTTP/1.1" 200 34447
2020-02-27 17:48:50,488 [django.server:124] [basehttp:log_message] [INFO]- "GET /static/assets/js/jquery-ui.min.js HTTP/1.1" 200 228489
2020-02-27 17:48:50,515 [django.server:124] [basehttp:log_message] [WARNING]- "GET /static/assets/js/jquery.min.map HTTP/1.1" 404 1696
2020-02-27 17:48:50,518 [django.server:124] [basehttp:log_message] [INFO]- "GET /static/assets/js/fileinput.min.js HTTP/1.1" 200 93335
2020-02-27 17:48:50,526 [django.server:124] [basehttp:log_message] [INFO]- "GET /static/assets/js/ace.js HTTP/1.1" 200 354531
2020-02-27 17:48:50,562 [django.server:124] [basehttp:log_message] [INFO]- "GET /static/assets/js/bootstrap-select.min.js HTTP/1.1" 200 51435
2020-02-27 17:48:50,581 [django.server:124] [basehttp:log_message] [INFO]- "GET /static/assets/js/fileinput.js HTTP/1.1" 200 210811
2020-02-27 17:48:50,627 [django.server:124] [basehttp:log_message] [INFO]- "GET /static/assets/js/bootstrap.min.js HTTP/1.1" 200 37051
2020-02-27 17:48:50,866 [django.server:124] [basehttp:log_message] [WARNING]- "GET /static/assets/js/bootstrap-select.min.js.map HTTP/1.1" 404 1735
2020-02-27 17:48:50,867 [django.server:124] [basehttp:log_message] [WARNING]- "GET /static/assets/css/bootstrap.min.css.map HTTP/1.1" 404 1720
2020-02-27 17:48:50,869 [django.server:124] [basehttp:log_message] [INFO]- "GET /static/assets/fonts/fontawesome-webfont.woff2?v=4.6.3 HTTP/1.1" 200 71896
2020-02-27 17:48:51,552 [django.server:124] [basehttp:log_message] [INFO]- "GET /favicon.ico HTTP/1.1" 302 0
2020-02-27 17:48:51,559 [django.server:124] [basehttp:log_message] [INFO]- "GET /static/assets/img/favicon.ico HTTP/1.1" 200 67646
2020-02-27 18:02:16,412 [django.server:124] [basehttp:log_message] [INFO]- "GET /api/index/ HTTP/1.1" 200 17707
2020-02-27 18:02:16,456 [django.server:124] [basehttp:log_message] [INFO]- "GET /static/assets/js/echarts.min.js HTTP/1.1" 200 383956
2020-02-27 18:02:16,557 [django.server:124] [basehttp:log_message] [WARNING]- "GET /static/assets/js/jquery.min.map HTTP/1.1" 404 1696
2020-02-27 18:02:16,658 [django.server:124] [basehttp:log_message] [WARNING]- "GET /static/assets/js/bootstrap-select.min.js.map HTTP/1.1" 404 1735
2020-02-27 18:02:16,659 [django.server:124] [basehttp:log_message] [WARNING]- "GET /static/assets/css/bootstrap.min.css.map HTTP/1.1" 404 1720
2020-02-27 18:02:16,824 [django.server:124] [basehttp:log_message] [INFO]- "GET /favicon.ico HTTP/1.1" 302 0
2020-02-27 18:02:16,837 [django.server:124] [basehttp:log_message] [INFO]- "GET /static/assets/img/favicon.ico HTTP/1.1" 200 67646
2020-02-27 18:02:20,296 [django.server:124] [basehttp:log_message] [INFO]- "GET /api/index/ HTTP/1.1" 200 17707
2020-02-27 18:02:20,631 [django.server:124] [basehttp:log_message] [INFO]- "GET /favicon.ico HTTP/1.1" 302 0
2020-02-27 18:02:20,640 [django.server:124] [basehttp:log_message] [INFO]- "GET /static/assets/img/favicon.ico HTTP/1.1" 200 67646
2020-02-27 18:05:18,806 [django.server:124] [basehttp:log_message] [INFO]- "GET /api/index/ HTTP/1.1" 200 17707
2020-02-27 18:05:18,849 [django.server:124] [basehttp:log_message] [INFO]- "GET /static/assets/js/echarts.min.js HTTP/1.1" 304 0
2020-02-27 18:05:19,067 [django.server:124] [basehttp:log_message] [INFO]- "GET /favicon.ico HTTP/1.1" 302 0
2020-02-27 18:05:19,085 [django.server:124] [basehttp:log_message] [INFO]- "GET /static/assets/img/favicon.ico HTTP/1.1" 200 67646
2020-02-27 18:05:21,522 [django.server:124] [basehttp:log_message] [INFO]- "GET /api/index/ HTTP/1.1" 200 17707
2020-02-27 18:05:21,686 [django.server:124] [basehttp:log_message] [INFO]- "GET /favicon.ico HTTP/1.1" 302 0
2020-02-27 18:05:21,698 [django.server:124] [basehttp:log_message] [INFO]- "GET /static/assets/img/favicon.ico HTTP/1.1" 200 67646
2020-02-27 18:05:24,731 [django.server:124] [basehttp:log_message] [WARNING]- "GET /static/assets/js/jquery.min.map HTTP/1.1" 404 1696
2020-02-27 18:05:24,741 [django.server:124] [basehttp:log_message] [WARNING]- "GET /static/assets/js/bootstrap-select.min.js.map HTTP/1.1" 404 1735
2020-02-27 18:05:24,758 [django.server:124] [basehttp:log_message] [WARNING]- "GET /static/assets/css/bootstrap.min.css.map HTTP/1.1" 404 1720
2020-02-27 18:05:35,966 [django.server:124] [basehttp:log_message] [INFO]- "GET /api/index/ HTTP/1.1" 200 17707
2020-02-27 18:05:36,178 [django.server:124] [basehttp:log_message] [WARNING]- "GET /static/assets/js/jquery.min.map HTTP/1.1" 404 1696
2020-02-27 18:05:36,195 [django.server:124] [basehttp:log_message] [WARNING]- "GET /static/assets/js/bootstrap-select.min.js.map HTTP/1.1" 404 1735
2020-02-27 18:05:36,199 [django.server:124] [basehttp:log_message] [WARNING]- "GET /static/assets/css/bootstrap.min.css.map HTTP/1.1" 404 1720
2020-02-27 18:05:36,303 [django.server:124] [basehttp:log_message] [INFO]- "GET /favicon.ico HTTP/1.1" 302 0
2020-02-27 18:05:36,323 [django.server:124] [basehttp:log_message] [INFO]- "GET /static/assets/img/favicon.ico HTTP/1.1" 200 67646
2020-02-27 18:05:37,387 [django.server:124] [basehttp:log_message] [INFO]- "GET /api/index/ HTTP/1.1" 200 17707
2020-02-27 18:05:37,465 [django.server:124] [basehttp:log_message] [WARNING]- "GET /static/assets/js/jquery.min.map HTTP/1.1" 404 1696
2020-02-27 18:05:37,590 [django.server:124] [basehttp:log_message] [WARNING]- "GET /static/assets/js/bootstrap-select.min.js.map HTTP/1.1" 404 1735
2020-02-27 18:05:37,595 [django.server:124] [basehttp:log_message] [WARNING]- "GET /static/assets/css/bootstrap.min.css.map HTTP/1.1" 404 1720
2020-02-27 18:05:37,725 [django.server:124] [basehttp:log_message] [INFO]- "GET /favicon.ico HTTP/1.1" 302 0
2020-02-27 18:05:37,742 [django.server:124] [basehttp:log_message] [INFO]- "GET /static/assets/img/favicon.ico HTTP/1.1" 200 67646
2020-02-27 18:05:41,370 [django.server:124] [basehttp:log_message] [INFO]- "GET /api/index/ HTTP/1.1" 200 17707
2020-02-27 18:05:41,617 [django.server:124] [basehttp:log_message] [INFO]- "GET /favicon.ico HTTP/1.1" 302 0
2020-02-27 18:05:41,631 [django.server:124] [basehttp:log_message] [INFO]- "GET /static/assets/img/favicon.ico HTTP/1.1" 200 67646
2020-02-27 18:10:48,794 [django.server:124] [basehttp:log_message] [INFO]- "GET /api/project_list/1/ HTTP/1.1" 200 76847
2020-02-27 18:10:49,283 [django.server:124] [basehttp:log_message] [INFO]- "GET /api/add_project/ HTTP/1.1" 200 21153
2020-02-27 18:10:49,403 [django.server:124] [basehttp:log_message] [WARNING]- "GET /static/assets/fonts/glyphicons-halflings-regular.woff2 HTTP/1.1" 404 1765
2020-02-27 18:10:49,418 [django.server:124] [basehttp:log_message] [WARNING]- "GET /static/assets/fonts/glyphicons-halflings-regular.woff HTTP/1.1" 404 1762
2020-02-27 18:10:49,445 [django.server:124] [basehttp:log_message] [WARNING]- "GET /static/assets/fonts/glyphicons-halflings-regular.ttf HTTP/1.1" 404 1759
2020-02-27 18:10:50,594 [django.server:124] [basehttp:log_message] [INFO]- "GET /api/debugtalk_list/1/ HTTP/1.1" 200 19839
2020-02-27 18:11:02,660 [django.server:124] [basehttp:log_message] [INFO]- "GET /api/config_list/1/ HTTP/1.1" 200 42711
2020-02-27 18:11:02,846 [django.server:124] [basehttp:log_message] [INFO]- "POST /api/add_case/ HTTP/1.1" 200 0
2020-02-27 18:11:09,156 [django.server:124] [basehttp:log_message] [INFO]- "POST /api/config_list/1/ HTTP/1.1" 200 2
2020-02-27 18:11:09,294 [django.server:124] [basehttp:log_message] [INFO]- "GET /api/config_list/1/ HTTP/1.1" 200 42689
2020-02-27 18:11:09,474 [django.server:124] [basehttp:log_message] [INFO]- "POST /api/add_case/ HTTP/1.1" 200 0
2020-02-27 18:11:19,495 [django.server:124] [basehttp:log_message] [INFO]- "GET /api/suite_list/1/ HTTP/1.1" 200 67849
2020-02-27 18:12:08,672 [django.server:124] [basehttp:log_message] [INFO]- "GET /api/suite_list/1/ HTTP/1.1" 200 67784
2020-02-27 18:12:08,888 [django.server:124] [basehttp:log_message] [INFO]- "GET /favicon.ico HTTP/1.1" 302 0
2020-02-27 18:12:08,897 [django.server:124] [basehttp:log_message] [INFO]- "GET /static/assets/img/favicon.ico HTTP/1.1" 200 67646
2020-02-27 18:12:10,019 [django.server:124] [basehttp:log_message] [INFO]- "GET /api/suite_list/1/ HTTP/1.1" 200 67784
2020-02-27 18:12:11,705 [django.server:124] [basehttp:log_message] [INFO]- "GET /api/suite_list/1/ HTTP/1.1" 200 67784
2020-02-27 18:12:12,765 [django.server:124] [basehttp:log_message] [INFO]- "GET /api/suite_list/1/ HTTP/1.1" 200 67784
2020-02-27 18:12:37,860 [django.server:124] [basehttp:log_message] [INFO]- "GET /api/suite_list/1/ HTTP/1.1" 200 67784
2020-02-27 18:12:39,243 [django.server:124] [basehttp:log_message] [INFO]- "GET /api/periodictask/1/ HTTP/1.1" 200 21940
2020-02-27 18:12:40,697 [django.server:124] [basehttp:log_message] [INFO]- "GET /api/service_config_list/1/ HTTP/1.1" 200 50429
2020-02-27 18:12:43,553 [django.server:124] [basehttp:log_message] [INFO]- "GET /api/project_list/1/ HTTP/1.1" 200 76639
2020-02-27 18:15:59,586 [django.server:124] [basehttp:log_message] [INFO]- "GET /api/index/ HTTP/1.1" 200 17642
2020-02-27 18:15:59,610 [django.server:124] [basehttp:log_message] [INFO]- "GET /static/assets/js/echarts.min.js HTTP/1.1" 304 0
2020-02-27 18:16:05,361 [django.server:124] [basehttp:log_message] [INFO]- "GET /api/add_case/ HTTP/1.1" 200 41361
2020-02-27 18:16:08,968 [django.server:124] [basehttp:log_message] [INFO]- "GET /api/test_list/1/ HTTP/1.1" 200 74431
2020-02-27 18:16:26,161 [django.server:124] [basehttp:log_message] [INFO]- "GET /api/add_case/ HTTP/1.1" 200 41361
2020-02-27 18:16:37,981 [django.server:124] [basehttp:log_message] [INFO]- "POST /api/add_case/ HTTP/1.1" 200 0
2020-02-27 18:20:49,716 [django.server:124] [basehttp:log_message] [INFO]- "GET /api/log_out/ HTTP/1.1" 302 0
2020-02-27 18:20:49,730 [django.server:124] [basehttp:log_message] [INFO]- "GET /api/login/ HTTP/1.1" 200 3877
2020-02-27 18:20:49,759 [django.server:124] [basehttp:log_message] [INFO]- "GET /static/assets/iconfont/style.css HTTP/1.1" 200 1722
2020-02-27 18:20:49,763 [django.server:124] [basehttp:log_message] [INFO]- "GET /static/assets/img/main_bg.png HTTP/1.1" 200 2801
2020-02-27 18:20:49,766 [django.server:124] [basehttp:log_message] [INFO]- "GET /static/assets/img/bg.jpg HTTP/1.1" 200 135990
2020-02-27 18:20:49,910 [django.server:124] [basehttp:log_message] [INFO]- "GET /static/assets/iconfont/fonts/icomoon.ttf?u4m6fy HTTP/1.1" 200 6900
2020-02-27 18:20:50,673 [django.server:124] [basehttp:log_message] [INFO]- "GET /api/login/ HTTP/1.1" 200 3877
2020-02-27 18:20:50,703 [django.server:124] [basehttp:log_message] [INFO]- "GET /favicon.ico HTTP/1.1" 302 0
2020-02-27 18:20:50,713 [django.server:124] [basehttp:log_message] [INFO]- "GET /static/assets/img/favicon.ico HTTP/1.1" 200 67646
2020-02-27 18:20:55,238 [django.server:124] [basehttp:log_message] [INFO]- "POST /api/login/ HTTP/1.1" 302 0
2020-02-27 18:20:55,439 [django.server:124] [basehttp:log_message] [INFO]- "GET /api/index/ HTTP/1.1" 200 17642
2020-02-27 18:20:55,473 [django.server:124] [basehttp:log_message] [INFO]- "GET /static/assets/js/echarts.min.js HTTP/1.1" 304 0
2020-02-27 18:20:58,449 [django.server:124] [basehttp:log_message] [INFO]- "GET /api/test_list/1/ HTTP/1.1" 200 74431
2020-02-27 18:23:11,260 [django.server:124] [basehttp:log_message] [INFO]- "GET /api/index/ HTTP/1.1" 200 17642
2020-02-27 18:23:11,436 [django.server:124] [basehttp:log_message] [INFO]- "GET /favicon.ico HTTP/1.1" 302 0
2020-02-27 18:23:11,470 [django.server:124] [basehttp:log_message] [INFO]- "GET /static/assets/img/favicon.ico HTTP/1.1" 200 67646
2020-02-27 18:23:30,118 [django.server:124] [basehttp:log_message] [INFO]- "GET /api/test_list/1/ HTTP/1.1" 200 74431
2020-02-27 18:23:34,412 [django.server:124] [basehttp:log_message] [INFO]- "GET /api/test_list/11/ HTTP/1.1" 200 70343
2020-02-27 18:23:41,289 [django.server:124] [basehttp:log_message] [INFO]- "POST /api/test_list/1/ HTTP/1.1" 200 2
2020-02-27 18:23:41,425 [django.server:124] [basehttp:log_message] [INFO]- "GET /api/test_list/11/ HTTP/1.1" 200 70352
2020-02-27 18:23:42,975 [django.server:124] [basehttp:log_message] [INFO]- "GET /api/index/ HTTP/1.1" 200 17642
2020-02-27 18:23:42,997 [django.server:124] [basehttp:log_message] [INFO]- "GET /static/assets/js/echarts.min.js HTTP/1.1" 304 0
